1578296698925	mozrunner::runner	INFO	Running command: "/usr/bin/firefox" "-marionette" "-headless" "-foreground" "-no-remote" "-profile" "/tmp/rust_mozprofile.xMc8ynCejibX"
*** You are running in headless mode.
1578296699347	addons.webextension.screenshots@mozilla.org	WARN	Loading extension 'screenshots@mozilla.org': Reading manifest: Invalid extension permission: mozillaAddons
1578296699347	addons.webextension.screenshots@mozilla.org	WARN	Loading extension 'screenshots@mozilla.org': Reading manifest: Invalid extension permission: telemetry
1578296699347	addons.webextension.screenshots@mozilla.org	WARN	Loading extension 'screenshots@mozilla.org': Reading manifest: Invalid extension permission: resource://pdf.js/
1578296699347	addons.webextension.screenshots@mozilla.org	WARN	Loading extension 'screenshots@mozilla.org': Reading manifest: Invalid extension permission: about:reader*
JavaScript error: resource:///modules/sessionstore/SessionStore.jsm, line 1325: uncaught exception: 2147746065
1578296700549	Marionette	INFO	Listening on port 38881
1578296700629	Marionette	WARN	TLS certificate errors will be ignored for this session
JavaScript error: http://topcons.cbr.su.se/, line 263: TypeError: document.getElementById(...) is null
JavaScript error: http://topcons.cbr.su.se/pred/, line 81: SyntaxError: '#' not followed by identifier
JavaScript error: http://topcons.cbr.su.se/pred/result/rst_54xpJv/, line 81: SyntaxError: '#' not followed by identifier
JavaScript error: http://topcons.cbr.su.se/pred/result/rst_54xpJv/, line 81: SyntaxError: '#' not followed by identifier
JavaScript error: http://topcons.cbr.su.se/pred/result/rst_54xpJv/, line 81: SyntaxError: '#' not followed by identifier
JavaScript error: http://topcons.cbr.su.se/pred/result/rst_54xpJv/, line 79: SyntaxError: '#' not followed by identifier
1578298437143	mozrunner::runner	INFO	Running command: "/usr/bin/firefox" "-marionette" "-headless" "-foreground" "-no-remote" "-profile" "/tmp/rust_mozprofile.MSP3SNVasRMg"
*** You are running in headless mode.
1578298437491	addons.webextension.screenshots@mozilla.org	WARN	Loading extension 'screenshots@mozilla.org': Reading manifest: Invalid extension permission: mozillaAddons
1578298437492	addons.webextension.screenshots@mozilla.org	WARN	Loading extension 'screenshots@mozilla.org': Reading manifest: Invalid extension permission: telemetry
1578298437492	addons.webextension.screenshots@mozilla.org	WARN	Loading extension 'screenshots@mozilla.org': Reading manifest: Invalid extension permission: resource://pdf.js/
1578298437492	addons.webextension.screenshots@mozilla.org	WARN	Loading extension 'screenshots@mozilla.org': Reading manifest: Invalid extension permission: about:reader*
JavaScript error: resource:///modules/sessionstore/SessionStore.jsm, line 1325: uncaught exception: 2147746065
1578298438574	Marionette	INFO	Listening on port 44443
1578298438667	Marionette	WARN	TLS certificate errors will be ignored for this session
JavaScript error: http://topcons.cbr.su.se/, line 263: TypeError: document.getElementById(...) is null
JavaScript error: http://topcons.cbr.su.se/pred/, line 81: SyntaxError: '#' not followed by identifier
JavaScript error: http://topcons.cbr.su.se/pred/result/rst_T12_co/, line 81: SyntaxError: '#' not followed by identifier
JavaScript error: http://topcons.cbr.su.se/pred/result/rst_T12_co/, line 81: SyntaxError: '#' not followed by identifier
JavaScript error: http://topcons.cbr.su.se/pred/result/rst_T12_co/, line 81: SyntaxError: '#' not followed by identifier
JavaScript error: http://topcons.cbr.su.se/pred/result/rst_T12_co/, line 81: SyntaxError: '#' not followed by identifier
JavaScript error: http://topcons.cbr.su.se/pred/result/rst_T12_co/, line 81: SyntaxError: '#' not followed by identifier
JavaScript error: http://topcons.cbr.su.se/pred/result/rst_T12_co/, line 81: SyntaxError: '#' not followed by identifier
JavaScript error: http://topcons.cbr.su.se/pred/result/rst_T12_co/, line 81: SyntaxError: '#' not followed by identifier
JavaScript error: http://topcons.cbr.su.se/pred/result/rst_T12_co/, line 81: SyntaxError: '#' not followed by identifier
JavaScript error: http://topcons.cbr.su.se/pred/result/rst_T12_co/, line 81: SyntaxError: '#' not followed by identifier
JavaScript error: http://topcons.cbr.su.se/pred/result/rst_T12_co/, line 81: SyntaxError: '#' not followed by identifier
JavaScript error: http://topcons.cbr.su.se/pred/result/rst_T12_co/, line 81: SyntaxError: '#' not followed by identifier
JavaScript error: http://topcons.cbr.su.se/pred/result/rst_T12_co/, line 81: SyntaxError: '#' not followed by identifier
JavaScript error: http://topcons.cbr.su.se/pred/result/rst_T12_co/, line 79: SyntaxError: '#' not followed by identifier
1578301567164	mozrunner::runner	INFO	Running command: "/usr/bin/firefox" "-marionette" "-headless" "-foreground" "-no-remote" "-profile" "/tmp/rust_mozprofile.zLJAUG1U2ZGw"
*** You are running in headless mode.
1578301567786	addons.webextension.screenshots@mozilla.org	WARN	Loading extension 'screenshots@mozilla.org': Reading manifest: Invalid extension permission: mozillaAddons
1578301567786	addons.webextension.screenshots@mozilla.org	WARN	Loading extension 'screenshots@mozilla.org': Reading manifest: Invalid extension permission: telemetry
1578301567787	addons.webextension.screenshots@mozilla.org	WARN	Loading extension 'screenshots@mozilla.org': Reading manifest: Invalid extension permission: resource://pdf.js/
1578301567787	addons.webextension.screenshots@mozilla.org	WARN	Loading extension 'screenshots@mozilla.org': Reading manifest: Invalid extension permission: about:reader*
JavaScript error: resource:///modules/sessionstore/SessionStore.jsm, line 1325: uncaught exception: 2147746065
1578301569138	Marionette	INFO	Listening on port 45823
1578301569181	Marionette	WARN	TLS certificate errors will be ignored for this session
JavaScript error: http://topcons.cbr.su.se/, line 263: TypeError: document.getElementById(...) is null
JavaScript error: http://topcons.cbr.su.se/pred/, line 81: SyntaxError: '#' not followed by identifier
JavaScript error: http://topcons.cbr.su.se/pred/result/rst_gYXbUK/, line 81: SyntaxError: '#' not followed by identifier
JavaScript error: http://topcons.cbr.su.se/pred/result/rst_gYXbUK/, line 81: SyntaxError: '#' not followed by identifier
JavaScript error: http://topcons.cbr.su.se/pred/result/rst_gYXbUK/, line 81: SyntaxError: '#' not followed by identifier
JavaScript error: http://topcons.cbr.su.se/pred/result/rst_gYXbUK/, line 81: SyntaxError: '#' not followed by identifier
JavaScript error: http://topcons.cbr.su.se/pred/result/rst_gYXbUK/, line 81: SyntaxError: '#' not followed by identifier
JavaScript error: http://topcons.cbr.su.se/pred/result/rst_gYXbUK/, line 81: SyntaxError: '#' not followed by identifier
JavaScript error: http://topcons.cbr.su.se/pred/result/rst_gYXbUK/, line 81: SyntaxError: '#' not followed by identifier
JavaScript error: http://topcons.cbr.su.se/pred/result/rst_gYXbUK/, line 81: SyntaxError: '#' not followed by identifier
JavaScript error: http://topcons.cbr.su.se/pred/result/rst_gYXbUK/, line 81: SyntaxError: '#' not followed by identifier
1578302957618	mozrunner::runner	INFO	Running command: "/usr/bin/firefox" "-marionette" "-headless" "-foreground" "-no-remote" "-profile" "/tmp/rust_mozprofile.inXD4ZNpn1Y6"
*** You are running in headless mode.
1578302957896	addons.webextension.screenshots@mozilla.org	WARN	Loading extension 'screenshots@mozilla.org': Reading manifest: Invalid extension permission: mozillaAddons
1578302957896	addons.webextension.screenshots@mozilla.org	WARN	Loading extension 'screenshots@mozilla.org': Reading manifest: Invalid extension permission: telemetry
1578302957896	addons.webextension.screenshots@mozilla.org	WARN	Loading extension 'screenshots@mozilla.org': Reading manifest: Invalid extension permission: resource://pdf.js/
1578302957896	addons.webextension.screenshots@mozilla.org	WARN	Loading extension 'screenshots@mozilla.org': Reading manifest: Invalid extension permission: about:reader*
JavaScript error: resource:///modules/sessionstore/SessionStore.jsm, line 1325: uncaught exception: 2147746065
1578302958948	Marionette	INFO	Listening on port 45339
1578302959021	Marionette	WARN	TLS certificate errors will be ignored for this session
JavaScript error: http://topcons.cbr.su.se/, line 263: TypeError: document.getElementById(...) is null
JavaScript error: http://topcons.cbr.su.se/pred/, line 81: SyntaxError: '#' not followed by identifier
JavaScript error: http://topcons.cbr.su.se/pred/result/rst_NgGVmK/, line 81: SyntaxError: '#' not followed by identifier
JavaScript error: http://topcons.cbr.su.se/pred/result/rst_NgGVmK/, line 81: SyntaxError: '#' not followed by identifier
JavaScript error: http://topcons.cbr.su.se/pred/result/rst_NgGVmK/, line 81: SyntaxError: '#' not followed by identifier
JavaScript error: http://topcons.cbr.su.se/pred/result/rst_NgGVmK/, line 81: SyntaxError: '#' not followed by identifier
JavaScript error: http://topcons.cbr.su.se/pred/result/rst_NgGVmK/, line 81: SyntaxError: '#' not followed by identifier
JavaScript error: http://topcons.cbr.su.se/pred/result/rst_NgGVmK/, line 81: SyntaxError: '#' not followed by identifier
JavaScript error: http://topcons.cbr.su.se/pred/result/rst_NgGVmK/, line 81: SyntaxError: '#' not followed by identifier
JavaScript error: http://topcons.cbr.su.se/pred/result/rst_NgGVmK/, line 81: SyntaxError: '#' not followed by identifier
JavaScript error: http://topcons.cbr.su.se/pred/result/rst_NgGVmK/, line 79: SyntaxError: '#' not followed by identifier
1578303824025	mozrunner::runner	INFO	Running command: "/usr/bin/firefox" "-marionette" "-headless" "-foreground" "-no-remote" "-profile" "/tmp/rust_mozprofile.kh5DgoKrWPlG"
*** You are running in headless mode.
1578303824334	addons.webextension.screenshots@mozilla.org	WARN	Loading extension 'screenshots@mozilla.org': Reading manifest: Invalid extension permission: mozillaAddons
1578303824334	addons.webextension.screenshots@mozilla.org	WARN	Loading extension 'screenshots@mozilla.org': Reading manifest: Invalid extension permission: telemetry
1578303824334	addons.webextension.screenshots@mozilla.org	WARN	Loading extension 'screenshots@mozilla.org': Reading manifest: Invalid extension permission: resource://pdf.js/
1578303824334	addons.webextension.screenshots@mozilla.org	WARN	Loading extension 'screenshots@mozilla.org': Reading manifest: Invalid extension permission: about:reader*
JavaScript error: resource:///modules/sessionstore/SessionStore.jsm, line 1325: uncaught exception: 2147746065
1578303825487	Marionette	INFO	Listening on port 42223
1578303825552	Marionette	WARN	TLS certificate errors will be ignored for this session
JavaScript error: http://topcons.cbr.su.se/, line 263: TypeError: document.getElementById(...) is null
JavaScript error: http://topcons.cbr.su.se/, line 263: TypeError: document.getElementById(...) is null
JavaScript error: http://topcons.cbr.su.se/pred/, line 81: SyntaxError: '#' not followed by identifier
JavaScript error: http://topcons.cbr.su.se/pred/result/rst_g7Lb5N/, line 81: SyntaxError: '#' not followed by identifier
JavaScript error: http://topcons.cbr.su.se/pred/result/rst_g7Lb5N/, line 81: SyntaxError: '#' not followed by identifier
JavaScript error: http://topcons.cbr.su.se/pred/result/rst_g7Lb5N/, line 81: SyntaxError: '#' not followed by identifier
JavaScript error: http://topcons.cbr.su.se/pred/result/rst_g7Lb5N/, line 81: SyntaxError: '#' not followed by identifier
JavaScript error: http://topcons.cbr.su.se/pred/result/rst_g7Lb5N/, line 81: SyntaxError: '#' not followed by identifier
JavaScript error: http://topcons.cbr.su.se/pred/result/rst_g7Lb5N/, line 81: SyntaxError: '#' not followed by identifier
JavaScript error: http://topcons.cbr.su.se/pred/result/rst_g7Lb5N/, line 81: SyntaxError: '#' not followed by identifier
JavaScript error: http://topcons.cbr.su.se/pred/result/rst_g7Lb5N/, line 81: SyntaxError: '#' not followed by identifier
JavaScript error: http://topcons.cbr.su.se/pred/result/rst_g7Lb5N/, line 81: SyntaxError: '#' not followed by identifier
JavaScript error: http://topcons.cbr.su.se/pred/result/rst_g7Lb5N/, line 81: SyntaxError: '#' not followed by identifier
JavaScript error: http://topcons.cbr.su.se/pred/result/rst_g7Lb5N/, line 81: SyntaxError: '#' not followed by identifier
JavaScript error: http://topcons.cbr.su.se/pred/result/rst_g7Lb5N/, line 81: SyntaxError: '#' not followed by identifier
JavaScript error: http://topcons.cbr.su.se/pred/result/rst_g7Lb5N/, line 81: SyntaxError: '#' not followed by identifier
JavaScript error: http://topcons.cbr.su.se/pred/result/rst_g7Lb5N/, line 81: SyntaxError: '#' not followed by identifier
JavaScript error: http://topcons.cbr.su.se/pred/result/rst_g7Lb5N/, line 81: SyntaxError: '#' not followed by identifier
JavaScript error: http://topcons.cbr.su.se/pred/result/rst_g7Lb5N/, line 81: SyntaxError: '#' not followed by identifier
JavaScript error: http://topcons.cbr.su.se/pred/result/rst_g7Lb5N/, line 81: SyntaxError: '#' not followed by identifier
JavaScript error: http://topcons.cbr.su.se/pred/result/rst_g7Lb5N/, line 79: SyntaxError: '#' not followed by identifier
